{"timestamp":"2025-12-03T14:08:19.912972+07:00","@version":"1","message":"Starting ExpenseTrackerApplication using Java 21.0.2 with PID 72811 (/Users/fajars/Documents/development/java/expense-tracker/build/classes/java/main started by fajars in /Users/fajars/Documents/development/java/expense-tracker)","logger":"com.fajars.expensetracker.ExpenseTrackerApplication","thread":"main","level":"INFO"}
{"timestamp":"2025-12-03T14:08:19.941025+07:00","@version":"1","message":"Running with Spring Boot v3.5.7, Spring v6.2.12","logger":"com.fajars.expensetracker.ExpenseTrackerApplication","thread":"main","level":"DEBUG"}
{"timestamp":"2025-12-03T14:08:19.948319+07:00","@version":"1","message":"The following 1 profile is active: \"dev\"","logger":"com.fajars.expensetracker.ExpenseTrackerApplication","thread":"main","level":"INFO"}
{"timestamp":"2025-12-03T14:08:23.252471+07:00","@version":"1","message":"Bootstrapping Spring Data JPA repositories in DEFAULT mode.","logger":"org.springframework.data.repository.config.RepositoryConfigurationDelegate","thread":"main","level":"INFO"}
{"timestamp":"2025-12-03T14:08:23.470592+07:00","@version":"1","message":"Finished Spring Data repository scanning in 190 ms. Found 6 JPA repository interfaces.","logger":"org.springframework.data.repository.config.RepositoryConfigurationDelegate","thread":"main","level":"INFO"}
{"timestamp":"2025-12-03T14:08:25.309299+07:00","@version":"1","message":"Tomcat initialized with port 8081 (http)","logger":"org.springframework.boot.web.embedded.tomcat.TomcatWebServer","thread":"main","level":"INFO"}
{"timestamp":"2025-12-03T14:08:25.328136+07:00","@version":"1","message":"Starting service [Tomcat]","logger":"org.apache.catalina.core.StandardService","thread":"main","level":"INFO"}
{"timestamp":"2025-12-03T14:08:25.328565+07:00","@version":"1","message":"Starting Servlet engine: [Apache Tomcat/10.1.48]","logger":"org.apache.catalina.core.StandardEngine","thread":"main","level":"INFO"}
{"timestamp":"2025-12-03T14:08:25.466906+07:00","@version":"1","message":"Initializing Spring embedded WebApplicationContext","logger":"org.apache.catalina.core.ContainerBase.[Tomcat].[localhost].[/api/v1]","thread":"main","level":"INFO"}
{"timestamp":"2025-12-03T14:08:25.467658+07:00","@version":"1","message":"Root WebApplicationContext: initialization completed in 5360 ms","logger":"org.springframework.boot.web.servlet.context.ServletWebServerApplicationContext","thread":"main","level":"INFO"}
{"timestamp":"2025-12-03T14:08:26.304108+07:00","@version":"1","message":"HikariPool-1 - Starting...","logger":"com.zaxxer.hikari.HikariDataSource","thread":"main","level":"INFO"}
{"timestamp":"2025-12-03T14:08:26.521433+07:00","@version":"1","message":"HikariPool-1 - Added connection org.postgresql.jdbc.PgConnection@4682882a","logger":"com.zaxxer.hikari.pool.HikariPool","thread":"main","level":"INFO"}
{"timestamp":"2025-12-03T14:08:26.524216+07:00","@version":"1","message":"HikariPool-1 - Start completed.","logger":"com.zaxxer.hikari.HikariDataSource","thread":"main","level":"INFO"}
{"timestamp":"2025-12-03T14:08:26.697639+07:00","@version":"1","message":"Flyway Community Edition 9.22.0 by Redgate","logger":"org.flywaydb.core.internal.license.VersionPrinter","thread":"main","level":"INFO"}
{"timestamp":"2025-12-03T14:08:26.699351+07:00","@version":"1","message":"See release notes here: https://rd.gt/416ObMi","logger":"org.flywaydb.core.internal.license.VersionPrinter","thread":"main","level":"INFO"}
{"timestamp":"2025-12-03T14:08:26.699727+07:00","@version":"1","message":"","logger":"org.flywaydb.core.internal.license.VersionPrinter","thread":"main","level":"INFO"}
{"timestamp":"2025-12-03T14:08:26.717945+07:00","@version":"1","message":"Database: jdbc:postgresql://localhost:5432/expense_tracker (PostgreSQL 14.13)","logger":"org.flywaydb.core.FlywayExecutor","thread":"main","level":"INFO"}
{"timestamp":"2025-12-03T14:08:26.784196+07:00","@version":"1","message":"Successfully validated 2 migrations (execution time 00:00.037s)","logger":"org.flywaydb.core.internal.command.DbValidate","thread":"main","level":"INFO"}
{"timestamp":"2025-12-03T14:08:26.796348+07:00","@version":"1","message":"Current version of schema \"public\": 2","logger":"org.flywaydb.core.internal.command.DbMigrate","thread":"main","level":"INFO"}
{"timestamp":"2025-12-03T14:08:26.801869+07:00","@version":"1","message":"Schema \"public\" is up to date. No migration necessary.","logger":"org.flywaydb.core.internal.command.DbMigrate","thread":"main","level":"INFO"}
{"timestamp":"2025-12-03T14:08:27.083268+07:00","@version":"1","message":"HHH000204: Processing PersistenceUnitInfo [name: default]","logger":"org.hibernate.jpa.internal.util.LogHelper","thread":"main","level":"INFO"}
{"timestamp":"2025-12-03T14:08:27.144676+07:00","@version":"1","message":"HHH000412: Hibernate ORM core version 6.6.33.Final","logger":"org.hibernate.Version","thread":"main","level":"INFO"}
{"timestamp":"2025-12-03T14:08:27.192326+07:00","@version":"1","message":"HHH000026: Second-level cache disabled","logger":"org.hibernate.cache.internal.RegionFactoryInitiator","thread":"main","level":"INFO"}
{"timestamp":"2025-12-03T14:08:27.600002+07:00","@version":"1","message":"No LoadTimeWeaver setup: ignoring JPA class transformer","logger":"org.springframework.orm.jpa.persistenceunit.SpringPersistenceUnitInfo","thread":"main","level":"INFO"}
{"timestamp":"2025-12-03T14:08:27.94621+07:00","@version":"1","message":"HHH10001005: Database info:\n\tDatabase JDBC URL [Connecting through datasource 'HikariDataSource (HikariPool-1)']\n\tDatabase driver: undefined/unknown\n\tDatabase version: 14.13\n\tAutocommit mode: undefined/unknown\n\tIsolation level: undefined/unknown\n\tMinimum pool size: undefined/unknown\n\tMaximum pool size: undefined/unknown","logger":"org.hibernate.orm.connections.pooling","thread":"main","level":"INFO"}
{"timestamp":"2025-12-03T14:08:29.860055+07:00","@version":"1","message":"HHH000489: No JTA platform available (set 'hibernate.transaction.jta.platform' to enable JTA platform integration)","logger":"org.hibernate.engine.transaction.jta.platform.internal.JtaPlatformInitiator","thread":"main","level":"INFO"}
{"timestamp":"2025-12-03T14:08:29.865888+07:00","@version":"1","message":"Initialized JPA EntityManagerFactory for persistence unit 'default'","logger":"org.springframework.orm.jpa.LocalContainerEntityManagerFactoryBean","thread":"main","level":"INFO"}
{"timestamp":"2025-12-03T14:08:31.3482+07:00","@version":"1","message":"Filter 'jwtAuthenticationFilter' configured for use","logger":"com.fajars.expensetracker.common.util.JwtAuthenticationFilter","thread":"main","level":"DEBUG"}
{"timestamp":"2025-12-03T14:08:31.760259+07:00","@version":"1","message":"Global AuthenticationManager configured with UserDetailsService bean with name customUserDetailsService","logger":"org.springframework.security.config.annotation.authentication.configuration.InitializeUserDetailsBeanManagerConfigurer$InitializeUserDetailsManagerConfigurer","thread":"main","level":"INFO"}
{"timestamp":"2025-12-03T14:08:31.786743+07:00","@version":"1","message":"MetricsService initialized with custom business metrics","logger":"com.fajars.expensetracker.common.metrics.MetricsService","thread":"main","level":"INFO"}
{"timestamp":"2025-12-03T14:08:31.966411+07:00","@version":"1","message":"Hibernate is in classpath; If applicable, HQL parser will be used.","logger":"org.springframework.data.jpa.repository.query.QueryEnhancerFactory","thread":"main","level":"INFO"}
{"timestamp":"2025-12-03T14:08:39.726509+07:00","@version":"1","message":"spring.jpa.open-in-view is enabled by default. Therefore, database queries may be performed during view rendering. Explicitly configure spring.jpa.open-in-view to disable this warning","logger":"org.springframework.boot.autoconfigure.orm.jpa.JpaBaseConfiguration$JpaWebConfiguration","thread":"main","level":"WARN"}
{"timestamp":"2025-12-03T14:08:41.296478+07:00","@version":"1","message":"Exposing 4 endpoints beneath base path '/actuator'","logger":"org.springframework.boot.actuate.endpoint.web.EndpointLinksResolver","thread":"main","level":"INFO"}
{"timestamp":"2025-12-03T14:08:44.675372+07:00","@version":"1","message":"Tomcat started on port 8081 (http) with context path '/api/v1'","logger":"org.springframework.boot.web.embedded.tomcat.TomcatWebServer","thread":"main","level":"INFO"}
{"timestamp":"2025-12-03T14:08:44.73398+07:00","@version":"1","message":"Started ExpenseTrackerApplication in 28.078 seconds (process running for 29.746)","logger":"com.fajars.expensetracker.ExpenseTrackerApplication","thread":"main","level":"INFO"}
{"timestamp":"2025-12-03T14:08:45.202546+07:00","@version":"1","message":"select c1_0.id,c1_0.created_at,c1_0.name,c1_0.type,c1_0.user_id from categories c1_0 where c1_0.user_id is null order by c1_0.name","logger":"org.hibernate.SQL","thread":"main","level":"DEBUG"}
{"timestamp":"2025-12-03T14:08:45.286332+07:00","@version":"1","message":"Default categories already seeded. Count: 20","logger":"com.fajars.expensetracker.common.config.DataSeeder","thread":"main","level":"INFO"}
{"timestamp":"2025-12-03T14:08:45.288417+07:00","@version":"1","message":"SpringDoc /v3/api-docs endpoint is enabled by default. To disable it in production, set the property 'springdoc.api-docs.enabled=false'","logger":"org.springdoc.core.events.SpringDocAppInitializer","thread":"main","level":"WARN"}
{"timestamp":"2025-12-03T14:08:45.28921+07:00","@version":"1","message":"SpringDoc /swagger-ui.html endpoint is enabled by default. To disable it in production, set the property 'springdoc.swagger-ui.enabled=false'","logger":"org.springdoc.core.events.SpringDocAppInitializer","thread":"main","level":"WARN"}
