2025-12-03 14:08:19.912 [main] INFO  c.f.e.ExpenseTrackerApplication [] - Starting ExpenseTrackerApplication using Java 21.0.2 with PID 72811 (/Users/fajars/Documents/development/java/expense-tracker/build/classes/java/main started by fajars in /Users/fajars/Documents/development/java/expense-tracker)
2025-12-03 14:08:19.941 [main] DEBUG c.f.e.ExpenseTrackerApplication [] - Running with Spring Boot v3.5.7, Spring v6.2.12
2025-12-03 14:08:19.948 [main] INFO  c.f.e.ExpenseTrackerApplication [] - The following 1 profile is active: "dev"
2025-12-03 14:08:23.252 [main] INFO  o.s.d.r.c.RepositoryConfigurationDelegate [] - Bootstrapping Spring Data JPA repositories in DEFAULT mode.
2025-12-03 14:08:23.470 [main] INFO  o.s.d.r.c.RepositoryConfigurationDelegate [] - Finished Spring Data repository scanning in 190 ms. Found 6 JPA repository interfaces.
2025-12-03 14:08:25.309 [main] INFO  o.s.b.w.e.tomcat.TomcatWebServer [] - Tomcat initialized with port 8081 (http)
2025-12-03 14:08:25.328 [main] INFO  o.a.catalina.core.StandardService [] - Starting service [Tomcat]
2025-12-03 14:08:25.328 [main] INFO  o.a.catalina.core.StandardEngine [] - Starting Servlet engine: [Apache Tomcat/10.1.48]
2025-12-03 14:08:25.466 [main] INFO  o.a.c.c.C.[.[localhost].[/api/v1] [] - Initializing Spring embedded WebApplicationContext
2025-12-03 14:08:25.467 [main] INFO  o.s.b.w.s.c.ServletWebServerApplicationContext [] - Root WebApplicationContext: initialization completed in 5360 ms
2025-12-03 14:08:26.304 [main] INFO  com.zaxxer.hikari.HikariDataSource [] - HikariPool-1 - Starting...
2025-12-03 14:08:26.521 [main] INFO  com.zaxxer.hikari.pool.HikariPool [] - HikariPool-1 - Added connection org.postgresql.jdbc.PgConnection@4682882a
2025-12-03 14:08:26.524 [main] INFO  com.zaxxer.hikari.HikariDataSource [] - HikariPool-1 - Start completed.
2025-12-03 14:08:26.697 [main] INFO  o.f.c.i.license.VersionPrinter [] - Flyway Community Edition 9.22.0 by Redgate
2025-12-03 14:08:26.699 [main] INFO  o.f.c.i.license.VersionPrinter [] - See release notes here: https://rd.gt/416ObMi
2025-12-03 14:08:26.699 [main] INFO  o.f.c.i.license.VersionPrinter [] - 
2025-12-03 14:08:26.717 [main] INFO  org.flywaydb.core.FlywayExecutor [] - Database: jdbc:postgresql://localhost:5432/expense_tracker (PostgreSQL 14.13)
2025-12-03 14:08:26.784 [main] INFO  o.f.core.internal.command.DbValidate [] - Successfully validated 2 migrations (execution time 00:00.037s)
2025-12-03 14:08:26.796 [main] INFO  o.f.core.internal.command.DbMigrate [] - Current version of schema "public": 2
2025-12-03 14:08:26.801 [main] INFO  o.f.core.internal.command.DbMigrate [] - Schema "public" is up to date. No migration necessary.
2025-12-03 14:08:27.083 [main] INFO  o.h.jpa.internal.util.LogHelper [] - HHH000204: Processing PersistenceUnitInfo [name: default]
2025-12-03 14:08:27.144 [main] INFO  org.hibernate.Version [] - HHH000412: Hibernate ORM core version 6.6.33.Final
2025-12-03 14:08:27.192 [main] INFO  o.h.c.i.RegionFactoryInitiator [] - HHH000026: Second-level cache disabled
2025-12-03 14:08:27.600 [main] INFO  o.s.o.j.p.SpringPersistenceUnitInfo [] - No LoadTimeWeaver setup: ignoring JPA class transformer
2025-12-03 14:08:27.946 [main] INFO  o.hibernate.orm.connections.pooling [] - HHH10001005: Database info:
	Database JDBC URL [Connecting through datasource 'HikariDataSource (HikariPool-1)']
	Database driver: undefined/unknown
	Database version: 14.13
	Autocommit mode: undefined/unknown
	Isolation level: undefined/unknown
	Minimum pool size: undefined/unknown
	Maximum pool size: undefined/unknown
2025-12-03 14:08:29.860 [main] INFO  o.h.e.t.j.p.i.JtaPlatformInitiator [] - HHH000489: No JTA platform available (set 'hibernate.transaction.jta.platform' to enable JTA platform integration)
2025-12-03 14:08:29.865 [main] INFO  o.s.o.j.LocalContainerEntityManagerFactoryBean [] - Initialized JPA EntityManagerFactory for persistence unit 'default'
2025-12-03 14:08:31.348 [main] DEBUG c.f.e.c.util.JwtAuthenticationFilter [] - Filter 'jwtAuthenticationFilter' configured for use
2025-12-03 14:08:31.760 [main] INFO  o.s.s.c.a.a.c.InitializeUserDetailsBeanManagerConfigurer$InitializeUserDetailsManagerConfigurer [] - Global AuthenticationManager configured with UserDetailsService bean with name customUserDetailsService
2025-12-03 14:08:31.786 [main] INFO  c.f.e.common.metrics.MetricsService [] - MetricsService initialized with custom business metrics
2025-12-03 14:08:31.966 [main] INFO  o.s.d.j.r.query.QueryEnhancerFactory [] - Hibernate is in classpath; If applicable, HQL parser will be used.
2025-12-03 14:08:39.726 [main] WARN  o.s.b.a.o.j.JpaBaseConfiguration$JpaWebConfiguration [] - spring.jpa.open-in-view is enabled by default. Therefore, database queries may be performed during view rendering. Explicitly configure spring.jpa.open-in-view to disable this warning
2025-12-03 14:08:41.296 [main] INFO  o.s.b.a.e.web.EndpointLinksResolver [] - Exposing 4 endpoints beneath base path '/actuator'
2025-12-03 14:08:44.675 [main] INFO  o.s.b.w.e.tomcat.TomcatWebServer [] - Tomcat started on port 8081 (http) with context path '/api/v1'
2025-12-03 14:08:44.733 [main] INFO  c.f.e.ExpenseTrackerApplication [] - Started ExpenseTrackerApplication in 28.078 seconds (process running for 29.746)
2025-12-03 14:08:45.202 [main] DEBUG org.hibernate.SQL [] - select c1_0.id,c1_0.created_at,c1_0.name,c1_0.type,c1_0.user_id from categories c1_0 where c1_0.user_id is null order by c1_0.name
2025-12-03 14:08:45.286 [main] INFO  c.f.e.common.config.DataSeeder [] - Default categories already seeded. Count: 20
2025-12-03 14:08:45.288 [main] WARN  o.s.c.events.SpringDocAppInitializer [] - SpringDoc /v3/api-docs endpoint is enabled by default. To disable it in production, set the property 'springdoc.api-docs.enabled=false'
2025-12-03 14:08:45.289 [main] WARN  o.s.c.events.SpringDocAppInitializer [] - SpringDoc /swagger-ui.html endpoint is enabled by default. To disable it in production, set the property 'springdoc.swagger-ui.enabled=false'
